<?xml version="1.0" encoding="UTF-8"?>
<!-- Generated by org.testng.reporters.JUnitReportReporter -->
<testsuite skipped="0" hostname="Nipun" name="rest.basic.testing.PostRequest" tests="1" failures="0" timestamp="23 May 2019 00:50:34 GMT" time="6.409" errors="0">
  <testcase name="ValidatePostResp" time="6.409" classname="rest.basic.testing.PostRequest"/>
</testsuite> <!-- rest.basic.testing.PostRequest -->
