<?xml version="1.0" encoding="UTF-8"?>
<!-- Generated by org.testng.reporters.JUnitReportReporter -->
<testsuite skipped="0" hostname="Nipun" name="rest.basic.testing.PostRequest" tests="1" failures="0" timestamp="20 May 2019 22:11:53 GMT" time="6.055" errors="0">
  <testcase name="ValidatePostResp" time="6.055" classname="rest.basic.testing.PostRequest"/>
</testsuite> <!-- rest.basic.testing.PostRequest -->
