<?xml version="1.0" encoding="UTF-8"?>
<!-- Generated by org.testng.reporters.JUnitReportReporter -->
<testsuite skipped="0" hostname="Nipun" name="rest.basic.testing.ParsingJson" tests="1" failures="0" timestamp="23 May 2019 02:43:05 GMT" time="5.023" errors="0">
  <testcase name="ValidateResp" time="5.023" classname="rest.basic.testing.ParsingJson"/>
</testsuite> <!-- rest.basic.testing.ParsingJson -->
